  main.c
c:\users\오진혁\source\repos\big_number_final\main.c(56): warning C4996: 'scanf': This function or variable may be unsafe. Consider using scanf_s instead. To disable deprecation, use _CRT_SECURE_NO_WARNINGS. See online help for details.
  c:\program files (x86)\windows kits\10\include\10.0.16299.0\ucrt\stdio.h(1272): note: 'scanf' 선언을 참조하십시오.
c:\users\오진혁\source\repos\big_number_final\main.c(58): warning C4996: 'scanf': This function or variable may be unsafe. Consider using scanf_s instead. To disable deprecation, use _CRT_SECURE_NO_WARNINGS. See online help for details.
  c:\program files (x86)\windows kits\10\include\10.0.16299.0\ucrt\stdio.h(1272): note: 'scanf' 선언을 참조하십시오.
c:\users\오진혁\source\repos\big_number_final\main.c(60): warning C4996: 'scanf': This function or variable may be unsafe. Consider using scanf_s instead. To disable deprecation, use _CRT_SECURE_NO_WARNINGS. See online help for details.
  c:\program files (x86)\windows kits\10\include\10.0.16299.0\ucrt\stdio.h(1272): note: 'scanf' 선언을 참조하십시오.
c:\users\오진혁\source\repos\big_number_final\main.c(62): warning C4996: 'scanf': This function or variable may be unsafe. Consider using scanf_s instead. To disable deprecation, use _CRT_SECURE_NO_WARNINGS. See online help for details.
  c:\program files (x86)\windows kits\10\include\10.0.16299.0\ucrt\stdio.h(1272): note: 'scanf' 선언을 참조하십시오.
  char_to_word.c
  bigint_subtraction.c
c:\users\오진혁\source\repos\big_number_final\bigint_subtraction.c(25): warning C4305: '=': 'unsigned int'에서 'WORD'(으)로 잘립니다.
c:\users\오진혁\source\repos\big_number_final\bigint_subtraction.c(247): warning C4305: '=': 'unsigned int'에서 'WORD'(으)로 잘립니다.
  bigint_square.c
  bigint_shift_mod.c
  bigint_reduction.c
  bigint_multiplication.c
  bigint_division.c
c:\users\오진혁\source\repos\big_number_final\bigint_division.c(206): warning C4305: '=': 'unsigned int'에서 'WORD'(으)로 잘립니다.
  bigint_allocation.c
  bigint_addition.c
  bigint_need.c
c:\users\오진혁\source\repos\big_number_final\bigint_need.c(164): warning C4477: 'printf' : 서식 문자열 '%016llx'에 'unsigned __int64' 형식의 인수가 필요하지만 variadic 인수 1의 형식이 'int'입니다.
  c:\users\오진혁\source\repos\big_number_final\bigint_need.c(164): note: 서식 문자열에서 '%x'을(를) 사용하는 것이 좋습니다.
  c:\users\오진혁\source\repos\big_number_final\bigint_need.c(164): note: 서식 문자열에서 '%I32x'을(를) 사용하는 것이 좋습니다.
  bigint_exponentiation_reduction.c
  bigint_exponentiation.c
  코드를 생성하고 있습니다...
c:\users\오진혁\source\repos\big_number_final\bigint_reduction.c(69): warning C4715: 'BarretRed': 모든 제어 경로에서 값을 반환하지는 않습니다.
  big_number_final.vcxproj -> C:\Users\오진혁\source\repos\big_number_final\x64\Debug\big_number_final.exe
